<?xml version="1.0" encoding="UTF-8"?>
<!-- Generated by org.testng.reporters.JUnitReportReporter -->
<testsuite hostname="VMLAP142" failures="0" tests="1" name="QAFoxWebsite.QAFoxWebsite.Scripts" time="12.118" errors="0" timestamp="2025-02-08T13:35:41 IST" skipped="0">
  <testcase classname="QAFoxWebsite.QAFoxWebsite.Scripts" name="Homepagesc" time="12.118"/>
</testsuite> <!-- QAFoxWebsite.QAFoxWebsite.Scripts -->
