<?xml version="1.0" encoding="UTF-8"?>
<!-- Generated by org.testng.reporters.JUnitReportReporter -->
<testsuite hostname="VMLAP142" failures="0" tests="1" name="QAFoxWebsite.QAFoxWebsite.Scripts" time="15.167" errors="0" timestamp="2025-02-12T21:13:44 IST" skipped="0">
  <testcase classname="QAFoxWebsite.QAFoxWebsite.Scripts" name="registerusertodimain" time="15.167"/>
</testsuite> <!-- QAFoxWebsite.QAFoxWebsite.Scripts -->
