<?xml version="1.0" encoding="UTF-8"?>
<!-- Generated by org.testng.reporters.JUnitReportReporter -->
<testsuite hostname="VMLAP142" failures="0" tests="1" name="QAFoxWebsite.QAFoxWebsite.Scripts" time="9.517" errors="0" timestamp="2025-02-05T22:37:54 IST" skipped="0">
  <testcase classname="QAFoxWebsite.QAFoxWebsite.Scripts" name="Lanch" time="9.517"/>
</testsuite> <!-- QAFoxWebsite.QAFoxWebsite.Scripts -->
