<?xml version="1.0" encoding="UTF-8"?>
<!-- Generated by org.testng.reporters.JUnitReportReporter -->
<testsuite hostname="VMLAP142" failures="0" tests="1" name="QAFoxWebsite.QAFoxWebsite.Scripts" time="7.149" errors="0" timestamp="2025-02-06T21:43:50 IST" skipped="0">
  <testcase classname="QAFoxWebsite.QAFoxWebsite.Scripts" name="Lanch" time="7.149"/>
</testsuite> <!-- QAFoxWebsite.QAFoxWebsite.Scripts -->
