<?xml version="1.0" encoding="UTF-8"?>
<!-- Generated by org.testng.reporters.JUnitReportReporter -->
<testsuite hostname="VMLAP142" failures="0" tests="1" name="QAFoxWebsite.QAFoxWebsite.Scripts" time="23.249" errors="0" timestamp="2025-02-09T15:12:47 IST" skipped="0">
  <testcase classname="QAFoxWebsite.QAFoxWebsite.Scripts" name="registerusertodimain" time="23.249"/>
</testsuite> <!-- QAFoxWebsite.QAFoxWebsite.Scripts -->
